[ 2016-09-10T23:38:50+08:00 ] ::1 /qiniu/
INFO: [ app_init ] --START--
INFO: Run Behavior\BuildLiteBehavior [ RunTime:0.000019s ]
INFO: [ app_init ] --END-- [ RunTime:0.000115s ]
INFO: [ app_begin ] --START--
INFO: Run Behavior\ReadHtmlCacheBehavior [ RunTime:0.000498s ]
INFO: [ app_begin ] --END-- [ RunTime:0.000558s ]
INFO: [ view_parse ] --START--
INFO: [ template_filter ] --START--
INFO: Run Behavior\ContentReplaceBehavior [ RunTime:0.000065s ]
INFO: [ template_filter ] --END-- [ RunTime:0.000159s ]
INFO: Run Behavior\ParseTemplateBehavior [ RunTime:0.008805s ]
INFO: [ view_parse ] --END-- [ RunTime:0.008920s ]
INFO: [ view_filter ] --START--
INFO: Run Behavior\WriteHtmlCacheBehavior [ RunTime:0.000172s ]
INFO: [ view_filter ] --END-- [ RunTime:0.000231s ]
INFO: [ app_end ] --START--
INFO: Run Behavior\ShowPageTraceBehavior [ RunTime:0.000606s ]
INFO: [ app_end ] --END-- [ RunTime:0.000683s ]

[ 2016-09-10T23:45:00+08:00 ] ::1 /qiniu/Home/Uploader
INFO: [ app_init ] --START--
INFO: Run Behavior\BuildLiteBehavior [ RunTime:0.000014s ]
INFO: [ app_init ] --END-- [ RunTime:0.000389s ]
INFO: [ app_begin ] --START--
INFO: Run Behavior\ReadHtmlCacheBehavior [ RunTime:0.000463s ]
INFO: [ app_begin ] --END-- [ RunTime:0.000522s ]
ERR: 模板不存在:./Application/Home/View/Uploader/index.html

[ 2016-09-10T23:46:06+08:00 ] ::1 /qiniu/Home/Uploader
INFO: [ app_init ] --START--
INFO: Run Behavior\BuildLiteBehavior [ RunTime:0.000014s ]
INFO: [ app_init ] --END-- [ RunTime:0.000321s ]
INFO: [ app_begin ] --START--
INFO: Run Behavior\ReadHtmlCacheBehavior [ RunTime:0.000718s ]
INFO: [ app_begin ] --END-- [ RunTime:0.000797s ]
INFO: [ view_parse ] --START--
INFO: [ template_filter ] --START--
INFO: Run Behavior\ContentReplaceBehavior [ RunTime:0.000043s ]
INFO: [ template_filter ] --END-- [ RunTime:0.000100s ]
INFO: Run Behavior\ParseTemplateBehavior [ RunTime:0.006222s ]
INFO: [ view_parse ] --END-- [ RunTime:0.006344s ]
INFO: [ view_filter ] --START--
INFO: Run Behavior\WriteHtmlCacheBehavior [ RunTime:0.000376s ]
INFO: [ view_filter ] --END-- [ RunTime:0.000465s ]
INFO: [ app_end ] --START--
INFO: Run Behavior\ShowPageTraceBehavior [ RunTime:0.000730s ]
INFO: [ app_end ] --END-- [ RunTime:0.000830s ]

[ 2016-09-10T23:46:14+08:00 ] ::1 /qiniu/index.php/Home/Uploader/one_uploader.html
INFO: [ app_init ] --START--
INFO: Run Behavior\BuildLiteBehavior [ RunTime:0.000017s ]
INFO: [ app_init ] --END-- [ RunTime:0.000506s ]
INFO: [ app_begin ] --START--
INFO: Run Behavior\ReadHtmlCacheBehavior [ RunTime:0.000447s ]
INFO: [ app_begin ] --END-- [ RunTime:0.000505s ]
NOTIC: [2] call_user_func() expects parameter 1 to be a valid callback, no array or string given /Applications/MAMP/htdocs/qiniu/ThinkPHP/Library/Think/Upload.class.php 第 170 行.
NOTIC: [8] Undefined index: Expires /Applications/MAMP/htdocs/qiniu/ThinkPHP/Library/Think/Upload/Driver/Qiniu/QiniuStorage.class.php 第 45 行.
NOTIC: [8] Undefined index: saveName /Applications/MAMP/htdocs/qiniu/ThinkPHP/Library/Think/Upload/Driver/Qiniu/QiniuStorage.class.php 第 80 行.
NOTIC: [8] Undefined index: custom_fields /Applications/MAMP/htdocs/qiniu/ThinkPHP/Library/Think/Upload/Driver/Qiniu/QiniuStorage.class.php 第 83 行.
INFO: [ app_end ] --START--
INFO: Run Behavior\ShowPageTraceBehavior [ RunTime:0.000899s ]
INFO: [ app_end ] --END-- [ RunTime:0.001021s ]

[ 2016-09-10T23:48:29+08:00 ] ::1 /qiniu/index.php/Home/Uploader/one_uploader.html
INFO: [ app_init ] --START--
INFO: Run Behavior\BuildLiteBehavior [ RunTime:0.000020s ]
INFO: [ app_init ] --END-- [ RunTime:0.000629s ]
INFO: [ app_begin ] --START--
INFO: Run Behavior\ReadHtmlCacheBehavior [ RunTime:0.000492s ]
INFO: [ app_begin ] --END-- [ RunTime:0.000556s ]
NOTIC: [2] call_user_func() expects parameter 1 to be a valid callback, no array or string given /Applications/MAMP/htdocs/qiniu/ThinkPHP/Library/Think/Upload.class.php 第 170 行.
NOTIC: [8] Undefined index: Expires /Applications/MAMP/htdocs/qiniu/ThinkPHP/Library/Think/Upload/Driver/Qiniu/QiniuStorage.class.php 第 45 行.
NOTIC: [8] Undefined index: saveName /Applications/MAMP/htdocs/qiniu/ThinkPHP/Library/Think/Upload/Driver/Qiniu/QiniuStorage.class.php 第 80 行.
NOTIC: [8] Undefined index: custom_fields /Applications/MAMP/htdocs/qiniu/ThinkPHP/Library/Think/Upload/Driver/Qiniu/QiniuStorage.class.php 第 83 行.
INFO: [ view_parse ] --START--
INFO: [ template_filter ] --START--
INFO: Run Behavior\ContentReplaceBehavior [ RunTime:0.000055s ]
INFO: [ template_filter ] --END-- [ RunTime:0.000128s ]
INFO: Run Behavior\ParseTemplateBehavior [ RunTime:0.009268s ]
INFO: [ view_parse ] --END-- [ RunTime:0.009374s ]
INFO: [ view_filter ] --START--
INFO: Run Behavior\WriteHtmlCacheBehavior [ RunTime:0.000183s ]
INFO: [ view_filter ] --END-- [ RunTime:0.000240s ]
NOTIC: [2] Cannot modify header information - headers already sent by (output started at /Applications/MAMP/htdocs/qiniu/ThinkPHP/Common/functions.php:850) /Applications/MAMP/htdocs/qiniu/ThinkPHP/Library/Think/View.class.php 第 91 行.
NOTIC: [2] Cannot modify header information - headers already sent by (output started at /Applications/MAMP/htdocs/qiniu/ThinkPHP/Common/functions.php:850) /Applications/MAMP/htdocs/qiniu/ThinkPHP/Library/Think/View.class.php 第 92 行.
NOTIC: [2] Cannot modify header information - headers already sent by (output started at /Applications/MAMP/htdocs/qiniu/ThinkPHP/Common/functions.php:850) /Applications/MAMP/htdocs/qiniu/ThinkPHP/Library/Think/View.class.php 第 93 行.
INFO: [ app_end ] --START--
INFO: Run Behavior\ShowPageTraceBehavior [ RunTime:0.000578s ]
INFO: [ app_end ] --END-- [ RunTime:0.000636s ]

[ 2016-09-10T23:48:30+08:00 ] ::1 /qiniu/Home/Uploader
INFO: [ app_init ] --START--
INFO: Run Behavior\BuildLiteBehavior [ RunTime:0.000022s ]
INFO: [ app_init ] --END-- [ RunTime:0.000490s ]
INFO: [ app_begin ] --START--
INFO: Run Behavior\ReadHtmlCacheBehavior [ RunTime:0.000953s ]
INFO: [ app_begin ] --END-- [ RunTime:0.001044s ]
INFO: [ view_parse ] --START--
INFO: [ template_filter ] --START--
INFO: Run Behavior\ContentReplaceBehavior [ RunTime:0.000037s ]
INFO: [ template_filter ] --END-- [ RunTime:0.000097s ]
INFO: Run Behavior\ParseTemplateBehavior [ RunTime:0.004818s ]
INFO: [ view_parse ] --END-- [ RunTime:0.004877s ]
INFO: [ view_filter ] --START--
INFO: Run Behavior\WriteHtmlCacheBehavior [ RunTime:0.000137s ]
INFO: [ view_filter ] --END-- [ RunTime:0.000179s ]
INFO: [ app_end ] --START--
INFO: Run Behavior\ShowPageTraceBehavior [ RunTime:0.000444s ]
INFO: [ app_end ] --END-- [ RunTime:0.000492s ]

[ 2016-09-10T23:49:08+08:00 ] ::1 /qiniu/index.php/Home/Uploader/one_uploader.html
INFO: [ app_init ] --START--
INFO: Run Behavior\BuildLiteBehavior [ RunTime:0.000015s ]
INFO: [ app_init ] --END-- [ RunTime:0.000311s ]
INFO: [ app_begin ] --START--
INFO: Run Behavior\ReadHtmlCacheBehavior [ RunTime:0.000422s ]
INFO: [ app_begin ] --END-- [ RunTime:0.000475s ]

[ 2016-09-10T23:49:33+08:00 ] ::1 /qiniu/index.php/Home/Uploader/one_uploader.html
INFO: [ app_init ] --START--
INFO: Run Behavior\BuildLiteBehavior [ RunTime:0.000016s ]
INFO: [ app_init ] --END-- [ RunTime:0.000379s ]
INFO: [ app_begin ] --START--
INFO: Run Behavior\ReadHtmlCacheBehavior [ RunTime:0.000511s ]
INFO: [ app_begin ] --END-- [ RunTime:0.000582s ]
NOTIC: [8] Undefined variable: upload /Applications/MAMP/htdocs/qiniu/Application/Home/Controller/UploaderController.class.php 第 16 行.

[ 2016-09-10T23:50:01+08:00 ] ::1 /qiniu/index.php/Home/Uploader/one_uploader.html
INFO: [ app_init ] --START--
INFO: Run Behavior\BuildLiteBehavior [ RunTime:0.000018s ]
INFO: [ app_init ] --END-- [ RunTime:0.000447s ]
INFO: [ app_begin ] --START--
INFO: Run Behavior\ReadHtmlCacheBehavior [ RunTime:0.000529s ]
INFO: [ app_begin ] --END-- [ RunTime:0.000606s ]
INFO: [ app_end ] --START--
INFO: Run Behavior\ShowPageTraceBehavior [ RunTime:0.000564s ]
INFO: [ app_end ] --END-- [ RunTime:0.000644s ]

[ 2016-09-10T23:50:11+08:00 ] ::1 /qiniu/index.php/Home/Uploader/one_uploader.html
INFO: [ app_init ] --START--
INFO: Run Behavior\BuildLiteBehavior [ RunTime:0.000013s ]
INFO: [ app_init ] --END-- [ RunTime:0.000308s ]
INFO: [ app_begin ] --START--
INFO: Run Behavior\ReadHtmlCacheBehavior [ RunTime:0.000416s ]
INFO: [ app_begin ] --END-- [ RunTime:0.000476s ]
INFO: [ app_end ] --START--
INFO: Run Behavior\ShowPageTraceBehavior [ RunTime:0.000476s ]
INFO: [ app_end ] --END-- [ RunTime:0.000542s ]

[ 2016-09-10T23:50:13+08:00 ] ::1 /qiniu/Home/Uploader
INFO: [ app_init ] --START--
INFO: Run Behavior\BuildLiteBehavior [ RunTime:0.000013s ]
INFO: [ app_init ] --END-- [ RunTime:0.000301s ]
INFO: [ app_begin ] --START--
INFO: Run Behavior\ReadHtmlCacheBehavior [ RunTime:0.000389s ]
INFO: [ app_begin ] --END-- [ RunTime:0.000440s ]
INFO: [ view_parse ] --START--
INFO: [ template_filter ] --START--
INFO: Run Behavior\ContentReplaceBehavior [ RunTime:0.000051s ]
INFO: [ template_filter ] --END-- [ RunTime:0.000142s ]
INFO: Run Behavior\ParseTemplateBehavior [ RunTime:0.006107s ]
INFO: [ view_parse ] --END-- [ RunTime:0.006199s ]
INFO: [ view_filter ] --START--
INFO: Run Behavior\WriteHtmlCacheBehavior [ RunTime:0.000247s ]
INFO: [ view_filter ] --END-- [ RunTime:0.000305s ]
INFO: [ app_end ] --START--
INFO: Run Behavior\ShowPageTraceBehavior [ RunTime:0.000615s ]
INFO: [ app_end ] --END-- [ RunTime:0.000676s ]

[ 2016-09-10T23:50:19+08:00 ] ::1 /qiniu/index.php/Home/Uploader/one_uploader.html
INFO: [ app_init ] --START--
INFO: Run Behavior\BuildLiteBehavior [ RunTime:0.000014s ]
INFO: [ app_init ] --END-- [ RunTime:0.000335s ]
INFO: [ app_begin ] --START--
INFO: Run Behavior\ReadHtmlCacheBehavior [ RunTime:0.000454s ]
INFO: [ app_begin ] --END-- [ RunTime:0.000512s ]
INFO: [ app_end ] --START--
INFO: Run Behavior\ShowPageTraceBehavior [ RunTime:0.000574s ]
INFO: [ app_end ] --END-- [ RunTime:0.000653s ]

[ 2016-09-10T23:50:36+08:00 ] ::1 /qiniu/index.php/Home/Uploader/one_uploader.html
INFO: [ app_init ] --START--
INFO: Run Behavior\BuildLiteBehavior [ RunTime:0.000028s ]
INFO: [ app_init ] --END-- [ RunTime:0.000691s ]
INFO: [ app_begin ] --START--
INFO: Run Behavior\ReadHtmlCacheBehavior [ RunTime:0.000587s ]
INFO: [ app_begin ] --END-- [ RunTime:0.000656s ]
INFO: [ app_end ] --START--
INFO: Run Behavior\ShowPageTraceBehavior [ RunTime:0.000574s ]
INFO: [ app_end ] --END-- [ RunTime:0.000652s ]

[ 2016-09-10T23:50:39+08:00 ] ::1 /qiniu/Home/Uploader
INFO: [ app_init ] --START--
INFO: Run Behavior\BuildLiteBehavior [ RunTime:0.000014s ]
INFO: [ app_init ] --END-- [ RunTime:0.000326s ]
INFO: [ app_begin ] --START--
INFO: Run Behavior\ReadHtmlCacheBehavior [ RunTime:0.000454s ]
INFO: [ app_begin ] --END-- [ RunTime:0.000516s ]
INFO: [ view_parse ] --START--
INFO: [ template_filter ] --START--
INFO: Run Behavior\ContentReplaceBehavior [ RunTime:0.000045s ]
INFO: [ template_filter ] --END-- [ RunTime:0.000109s ]
INFO: Run Behavior\ParseTemplateBehavior [ RunTime:0.006104s ]
INFO: [ view_parse ] --END-- [ RunTime:0.006158s ]
INFO: [ view_filter ] --START--
INFO: Run Behavior\WriteHtmlCacheBehavior [ RunTime:0.000127s ]
INFO: [ view_filter ] --END-- [ RunTime:0.000170s ]
INFO: [ app_end ] --START--
INFO: Run Behavior\ShowPageTraceBehavior [ RunTime:0.000508s ]
INFO: [ app_end ] --END-- [ RunTime:0.000559s ]

[ 2016-09-10T23:50:45+08:00 ] ::1 /qiniu/index.php/Home/Uploader/one_uploader.html
INFO: [ app_init ] --START--
INFO: Run Behavior\BuildLiteBehavior [ RunTime:0.000015s ]
INFO: [ app_init ] --END-- [ RunTime:0.000399s ]
INFO: [ app_begin ] --START--
INFO: Run Behavior\ReadHtmlCacheBehavior [ RunTime:0.000777s ]
INFO: [ app_begin ] --END-- [ RunTime:0.000965s ]
NOTIC: [2] call_user_func() expects parameter 1 to be a valid callback, no array or string given /Applications/MAMP/htdocs/qiniu/ThinkPHP/Library/Think/Upload.class.php 第 170 行.
NOTIC: [8] Undefined index: Expires /Applications/MAMP/htdocs/qiniu/ThinkPHP/Library/Think/Upload/Driver/Qiniu/QiniuStorage.class.php 第 45 行.
NOTIC: [8] Undefined index: saveName /Applications/MAMP/htdocs/qiniu/ThinkPHP/Library/Think/Upload/Driver/Qiniu/QiniuStorage.class.php 第 80 行.
NOTIC: [8] Undefined index: custom_fields /Applications/MAMP/htdocs/qiniu/ThinkPHP/Library/Think/Upload/Driver/Qiniu/QiniuStorage.class.php 第 83 行.
INFO: [ app_end ] --START--
INFO: Run Behavior\ShowPageTraceBehavior [ RunTime:0.000899s ]
INFO: [ app_end ] --END-- [ RunTime:0.001021s ]

[ 2016-09-10T23:50:55+08:00 ] ::1 /qiniu/Home/Uploader
INFO: [ app_init ] --START--
INFO: Run Behavior\BuildLiteBehavior [ RunTime:0.000012s ]
INFO: [ app_init ] --END-- [ RunTime:0.000304s ]
INFO: [ app_begin ] --START--
INFO: Run Behavior\ReadHtmlCacheBehavior [ RunTime:0.000393s ]
INFO: [ app_begin ] --END-- [ RunTime:0.000446s ]
INFO: [ view_parse ] --START--
INFO: [ template_filter ] --START--
INFO: Run Behavior\ContentReplaceBehavior [ RunTime:0.000068s ]
INFO: [ template_filter ] --END-- [ RunTime:0.000265s ]
INFO: Run Behavior\ParseTemplateBehavior [ RunTime:0.006173s ]
INFO: [ view_parse ] --END-- [ RunTime:0.006234s ]
INFO: [ view_filter ] --START--
INFO: Run Behavior\WriteHtmlCacheBehavior [ RunTime:0.000281s ]
INFO: [ view_filter ] --END-- [ RunTime:0.000336s ]
INFO: [ app_end ] --START--
INFO: Run Behavior\ShowPageTraceBehavior [ RunTime:0.000452s ]
INFO: [ app_end ] --END-- [ RunTime:0.000501s ]

[ 2016-09-10T23:51:04+08:00 ] ::1 /qiniu/index.php/Home/Uploader/one_uploader.html
INFO: [ app_init ] --START--
INFO: Run Behavior\BuildLiteBehavior [ RunTime:0.000028s ]
INFO: [ app_init ] --END-- [ RunTime:0.000561s ]
INFO: [ app_begin ] --START--
INFO: Run Behavior\ReadHtmlCacheBehavior [ RunTime:0.000449s ]
INFO: [ app_begin ] --END-- [ RunTime:0.000516s ]
NOTIC: [2] call_user_func() expects parameter 1 to be a valid callback, no array or string given /Applications/MAMP/htdocs/qiniu/ThinkPHP/Library/Think/Upload.class.php 第 170 行.
NOTIC: [8] Undefined index: Expires /Applications/MAMP/htdocs/qiniu/ThinkPHP/Library/Think/Upload/Driver/Qiniu/QiniuStorage.class.php 第 45 行.
NOTIC: [8] Undefined index: saveName /Applications/MAMP/htdocs/qiniu/ThinkPHP/Library/Think/Upload/Driver/Qiniu/QiniuStorage.class.php 第 80 行.
NOTIC: [8] Undefined index: custom_fields /Applications/MAMP/htdocs/qiniu/ThinkPHP/Library/Think/Upload/Driver/Qiniu/QiniuStorage.class.php 第 83 行.
INFO: [ app_end ] --START--
INFO: Run Behavior\ShowPageTraceBehavior [ RunTime:0.000990s ]
INFO: [ app_end ] --END-- [ RunTime:0.001171s ]

[ 2016-09-10T23:51:25+08:00 ] ::1 /qiniu/index.php/Home/Uploader/one_uploader.html
INFO: [ app_init ] --START--
INFO: Run Behavior\BuildLiteBehavior [ RunTime:0.000014s ]
INFO: [ app_init ] --END-- [ RunTime:0.000311s ]
INFO: [ app_begin ] --START--
INFO: Run Behavior\ReadHtmlCacheBehavior [ RunTime:0.000489s ]
INFO: [ app_begin ] --END-- [ RunTime:0.000562s ]
NOTIC: [2] call_user_func() expects parameter 1 to be a valid callback, no array or string given /Applications/MAMP/htdocs/qiniu/ThinkPHP/Library/Think/Upload.class.php 第 170 行.
NOTIC: [8] Undefined index: Expires /Applications/MAMP/htdocs/qiniu/ThinkPHP/Library/Think/Upload/Driver/Qiniu/QiniuStorage.class.php 第 45 行.
NOTIC: [8] Undefined index: saveName /Applications/MAMP/htdocs/qiniu/ThinkPHP/Library/Think/Upload/Driver/Qiniu/QiniuStorage.class.php 第 80 行.
NOTIC: [8] Undefined index: custom_fields /Applications/MAMP/htdocs/qiniu/ThinkPHP/Library/Think/Upload/Driver/Qiniu/QiniuStorage.class.php 第 83 行.
INFO: [ app_end ] --START--
INFO: Run Behavior\ShowPageTraceBehavior [ RunTime:0.000893s ]
INFO: [ app_end ] --END-- [ RunTime:0.001016s ]

[ 2016-09-10T23:54:23+08:00 ] ::1 /qiniu/Home/Uploader
INFO: [ app_init ] --START--
INFO: Run Behavior\BuildLiteBehavior [ RunTime:0.000016s ]
INFO: [ app_init ] --END-- [ RunTime:0.000398s ]
INFO: [ app_begin ] --START--
INFO: Run Behavior\ReadHtmlCacheBehavior [ RunTime:0.000693s ]
INFO: [ app_begin ] --END-- [ RunTime:0.000797s ]
INFO: [ view_parse ] --START--
INFO: [ template_filter ] --START--
INFO: Run Behavior\ContentReplaceBehavior [ RunTime:0.000048s ]
INFO: [ template_filter ] --END-- [ RunTime:0.000112s ]
INFO: Run Behavior\ParseTemplateBehavior [ RunTime:0.006354s ]
INFO: [ view_parse ] --END-- [ RunTime:0.006427s ]
INFO: [ view_filter ] --START--
INFO: Run Behavior\WriteHtmlCacheBehavior [ RunTime:0.000197s ]
INFO: [ view_filter ] --END-- [ RunTime:0.000248s ]
INFO: [ app_end ] --START--
INFO: Run Behavior\ShowPageTraceBehavior [ RunTime:0.000460s ]
INFO: [ app_end ] --END-- [ RunTime:0.000512s ]

[ 2016-09-10T23:54:38+08:00 ] ::1 /qiniu/index.php/Home/Uploader/more_uploader.html
INFO: [ app_init ] --START--
INFO: Run Behavior\BuildLiteBehavior [ RunTime:0.000017s ]
INFO: [ app_init ] --END-- [ RunTime:0.000482s ]
INFO: [ app_begin ] --START--
INFO: Run Behavior\ReadHtmlCacheBehavior [ RunTime:0.000429s ]
INFO: [ app_begin ] --END-- [ RunTime:0.000486s ]
NOTIC: [2] call_user_func() expects parameter 1 to be a valid callback, no array or string given /Applications/MAMP/htdocs/qiniu/ThinkPHP/Library/Think/Upload.class.php 第 170 行.
NOTIC: [8] Undefined index: Expires /Applications/MAMP/htdocs/qiniu/ThinkPHP/Library/Think/Upload/Driver/Qiniu/QiniuStorage.class.php 第 45 行.
NOTIC: [8] Undefined index: saveName /Applications/MAMP/htdocs/qiniu/ThinkPHP/Library/Think/Upload/Driver/Qiniu/QiniuStorage.class.php 第 80 行.
NOTIC: [8] Undefined index: custom_fields /Applications/MAMP/htdocs/qiniu/ThinkPHP/Library/Think/Upload/Driver/Qiniu/QiniuStorage.class.php 第 83 行.
NOTIC: [2] call_user_func() expects parameter 1 to be a valid callback, no array or string given /Applications/MAMP/htdocs/qiniu/ThinkPHP/Library/Think/Upload.class.php 第 170 行.
NOTIC: [8] Undefined index: Expires /Applications/MAMP/htdocs/qiniu/ThinkPHP/Library/Think/Upload/Driver/Qiniu/QiniuStorage.class.php 第 45 行.
NOTIC: [8] Undefined index: saveName /Applications/MAMP/htdocs/qiniu/ThinkPHP/Library/Think/Upload/Driver/Qiniu/QiniuStorage.class.php 第 80 行.
NOTIC: [8] Undefined index: custom_fields /Applications/MAMP/htdocs/qiniu/ThinkPHP/Library/Think/Upload/Driver/Qiniu/QiniuStorage.class.php 第 83 行.
INFO: [ app_end ] --START--
INFO: Run Behavior\ShowPageTraceBehavior [ RunTime:0.000934s ]
INFO: [ app_end ] --END-- [ RunTime:0.001061s ]

[ 2016-09-10T23:55:52+08:00 ] ::1 /qiniu/index.php/Home/Uploader/more_uploader.html
INFO: [ app_init ] --START--
INFO: Run Behavior\BuildLiteBehavior [ RunTime:0.000014s ]
INFO: [ app_init ] --END-- [ RunTime:0.000333s ]
INFO: [ app_begin ] --START--
INFO: Run Behavior\ReadHtmlCacheBehavior [ RunTime:0.000452s ]
INFO: [ app_begin ] --END-- [ RunTime:0.000509s ]
NOTIC: [2] call_user_func() expects parameter 1 to be a valid callback, no array or string given /Applications/MAMP/htdocs/qiniu/ThinkPHP/Library/Think/Upload.class.php 第 170 行.
NOTIC: [8] Undefined index: Expires /Applications/MAMP/htdocs/qiniu/ThinkPHP/Library/Think/Upload/Driver/Qiniu/QiniuStorage.class.php 第 45 行.
NOTIC: [8] Undefined index: saveName /Applications/MAMP/htdocs/qiniu/ThinkPHP/Library/Think/Upload/Driver/Qiniu/QiniuStorage.class.php 第 80 行.
NOTIC: [8] Undefined index: custom_fields /Applications/MAMP/htdocs/qiniu/ThinkPHP/Library/Think/Upload/Driver/Qiniu/QiniuStorage.class.php 第 83 行.
NOTIC: [2] call_user_func() expects parameter 1 to be a valid callback, no array or string given /Applications/MAMP/htdocs/qiniu/ThinkPHP/Library/Think/Upload.class.php 第 170 行.
NOTIC: [8] Undefined index: Expires /Applications/MAMP/htdocs/qiniu/ThinkPHP/Library/Think/Upload/Driver/Qiniu/QiniuStorage.class.php 第 45 行.
NOTIC: [8] Undefined index: saveName /Applications/MAMP/htdocs/qiniu/ThinkPHP/Library/Think/Upload/Driver/Qiniu/QiniuStorage.class.php 第 80 行.
NOTIC: [8] Undefined index: custom_fields /Applications/MAMP/htdocs/qiniu/ThinkPHP/Library/Think/Upload/Driver/Qiniu/QiniuStorage.class.php 第 83 行.
INFO: [ app_end ] --START--
INFO: Run Behavior\ShowPageTraceBehavior [ RunTime:0.000915s ]
INFO: [ app_end ] --END-- [ RunTime:0.001043s ]

[ 2016-09-10T23:56:23+08:00 ] ::1 /qiniu/index.php/Home/Uploader/more_uploader.html
INFO: [ app_init ] --START--
INFO: Run Behavior\BuildLiteBehavior [ RunTime:0.000015s ]
INFO: [ app_init ] --END-- [ RunTime:0.000355s ]
INFO: [ app_begin ] --START--
INFO: Run Behavior\ReadHtmlCacheBehavior [ RunTime:0.000399s ]
INFO: [ app_begin ] --END-- [ RunTime:0.000452s ]
NOTIC: [2] call_user_func() expects parameter 1 to be a valid callback, no array or string given /Applications/MAMP/htdocs/qiniu/ThinkPHP/Library/Think/Upload.class.php 第 170 行.
NOTIC: [8] Undefined index: Expires /Applications/MAMP/htdocs/qiniu/ThinkPHP/Library/Think/Upload/Driver/Qiniu/QiniuStorage.class.php 第 45 行.
NOTIC: [8] Undefined index: saveName /Applications/MAMP/htdocs/qiniu/ThinkPHP/Library/Think/Upload/Driver/Qiniu/QiniuStorage.class.php 第 80 行.
NOTIC: [8] Undefined index: custom_fields /Applications/MAMP/htdocs/qiniu/ThinkPHP/Library/Think/Upload/Driver/Qiniu/QiniuStorage.class.php 第 83 行.
NOTIC: [2] call_user_func() expects parameter 1 to be a valid callback, no array or string given /Applications/MAMP/htdocs/qiniu/ThinkPHP/Library/Think/Upload.class.php 第 170 行.
NOTIC: [8] Undefined index: Expires /Applications/MAMP/htdocs/qiniu/ThinkPHP/Library/Think/Upload/Driver/Qiniu/QiniuStorage.class.php 第 45 行.
NOTIC: [8] Undefined index: saveName /Applications/MAMP/htdocs/qiniu/ThinkPHP/Library/Think/Upload/Driver/Qiniu/QiniuStorage.class.php 第 80 行.
NOTIC: [8] Undefined index: custom_fields /Applications/MAMP/htdocs/qiniu/ThinkPHP/Library/Think/Upload/Driver/Qiniu/QiniuStorage.class.php 第 83 行.
INFO: [ app_end ] --START--
INFO: Run Behavior\ShowPageTraceBehavior [ RunTime:0.000876s ]
INFO: [ app_end ] --END-- [ RunTime:0.000995s ]

